  GameManager.cpp
C:\CPP2409-P\src\SaveSome\GameManager.cpp(59,76): warning C4244: '인수': 'T'에서 'float'(으)로 변환하면서 데이터가 손실될 수 있습니다.
          with
          [
              T=unsigned int
          ]
  Map.cpp
C:\CPP2409-P\src\SaveSome\Map.cpp(8,42): warning C4244: '인수': 'int'에서 'T'(으)로 변환하면서 데이터가 손실될 수 있습니다.
          with
          [
              T=float
          ]
C:\CPP2409-P\src\SaveSome\Map.cpp(8,32): warning C4244: '인수': 'int'에서 'T'(으)로 변환하면서 데이터가 손실될 수 있습니다.
          with
          [
              T=float
          ]
C:\CPP2409-P\src\SaveSome\Map.cpp(39,76): warning C4244: '인수': 'int'에서 'T'(으)로 변환하면서 데이터가 손실될 수 있습니다.
          with
          [
              T=float
          ]
C:\CPP2409-P\src\SaveSome\Map.cpp(39,66): warning C4244: '인수': 'int'에서 'T'(으)로 변환하면서 데이터가 손실될 수 있습니다.
          with
          [
              T=float
          ]
C:\CPP2409-P\src\SaveSome\Map.cpp(39,54): warning C4244: '인수': 'int'에서 'T'(으)로 변환하면서 데이터가 손실될 수 있습니다.
          with
          [
              T=float
          ]
C:\CPP2409-P\src\SaveSome\Map.cpp(39,40): warning C4244: '인수': 'int'에서 'T'(으)로 변환하면서 데이터가 손실될 수 있습니다.
          with
          [
              T=float
          ]
C:\CPP2409-P\src\SaveSome\Map.cpp(55,55): warning C4244: '인수': 'int'에서 'float'(으)로 변환하면서 데이터가 손실될 수 있습니다.
C:\CPP2409-P\src\SaveSome\Map.cpp(55,41): warning C4244: '인수': 'int'에서 'float'(으)로 변환하면서 데이터가 손실될 수 있습니다.
C:\CPP2409-P\src\SaveSome\Map.cpp(69,31): warning C4018: '<': signed 또는 unsigned가 일치하지 않습니다.
C:\CPP2409-P\src\SaveSome\Map.cpp(69,53): warning C4018: '<': signed 또는 unsigned가 일치하지 않습니다.
  코드를 생성하고 있습니다...
  SaveSome.vcxproj -> C:\CPP2409-P\src\SaveSome\Debug\SaveSome.exe
